<?xml version="1.0" encoding="UTF-8"?>
<!-- Generated by org.testng.reporters.JUnitReportReporter -->
<testsuite skipped="0" hostname="DESKTOP-ADGCHK6" name="com.ebanking.master.Sgrid" tests="2" failures="0" timestamp="2023-04-03T18:27:08 IST" time="52.295" errors="0">
  <testcase name="Gd" time="27.626" classname="com.ebanking.master.Sgrid"/>
  <system-out/>
  <testcase name="Gd" time="24.669" classname="com.ebanking.master.Sgrid"/>
  <system-out/>
</testsuite> <!-- com.ebanking.master.Sgrid -->
