<?xml version="1.0" encoding="UTF-8"?>
<!-- Generated by org.testng.reporters.JUnitReportReporter -->
<testsuite skipped="0" hostname="DESKTOP-ADGCHK6" name="com.ebanking.scripts.SampleNG" tests="2" failures="0" timestamp="2023-03-20T18:12:30 IST" time="30.163" errors="0">
  <testcase name="bcd" time="14.982" classname="com.ebanking.scripts.SampleNG"/>
  <system-out/>
  <testcase name="abc" time="15.181" classname="com.ebanking.scripts.SampleNG"/>
  <system-out/>
</testsuite> <!-- com.ebanking.scripts.SampleNG -->
