<?xml version="1.0" encoding="UTF-8"?>
<!-- Generated by org.testng.reporters.JUnitReportReporter -->
<testsuite skipped="0" hostname="DESKTOP-ADGCHK6" name="com.ebanking.master.RoleNg" tests="3" failures="0" timestamp="2023-03-21T18:42:45 IST" time="40.828" errors="0">
  <testcase name="Rol" time="13.751" classname="com.ebanking.master.RoleNg"/>
  <system-out/>
  <testcase name="Rol" time="13.330" classname="com.ebanking.master.RoleNg"/>
  <system-out/>
  <testcase name="Rol" time="13.747" classname="com.ebanking.master.RoleNg"/>
  <system-out/>
</testsuite> <!-- com.ebanking.master.RoleNg -->
